Consumer C-20756 joined group: group-A
[C-20756] Processed Order -> Partition: 2 | Offset: 238 | Value: YQHHNEBSEPDNSEIFGAMSUJXKOLTXSPLGHDIOYZJFNIDSPWHZMKVJAXDBZFCOXYKYRJOGYKDESSJMOIIOWVKYUAVWJLXSEPPFEILV
[C-20756] Processed Order -> Partition: 2 | Offset: 239 | Value: BASHCGRHSYGIFSYLVGRXCDVABWWTRQZTMMPBAXGHEPHTASSORYKGVPFGQYJKINSZUJLXQUUDVALUSBFRSXNQHSDFDBAKQZZNTYXF
[C-20756] Processed Order -> Partition: 2 | Offset: 240 | Value: HYGDPYGNRETYAXIXXYQKMKURDSJYIZNEDAHVIVHCJAPGOBQLHUZTKIWTVFEHVYPNGHIDSERMARFXCPYFEPQMFDOTDPWNKMYRMFIA
[C-20756] Processed Order -> Partition: 2 | Offset: 241 | Value: BIQAWWOIFIAKNYFEPTPMIXPQAXFEIKUFFXIDHILBPCBTHWDRMALHFNDCRHAYVLLMRCKJIPNPKGWCIWQCHNHSFSCTYSAKSLVZCCAI
[C-20756] Processed Order -> Partition: 2 | Offset: 242 | Value: EQPLJXYUOEAXPRAZJTORBMPXEHFXWWDCLYKGOMSNWQRLKKSCQTGSULLGFKIMMDGUADVXGLMXQTUSLILYJYYSHHLJZDIESDPJXSCT
[C-20756] Processed Order -> Partition: 2 | Offset: 243 | Value: ADZFGIDJSDEKDOLVWIGOTDAWKWONSMYUFDTHZMNAUUYIBAGIWIITLRUSQIZZSLHSMEMKRBTTMXTZHVLSDRSAQTCJXGFHEOYOWYOA
[C-20756] Processed Order -> Partition: 2 | Offset: 244 | Value: VCWFCIOKADNWMXSVJDQCJGDLAPZJYGERVUSGJKJNGDANRLCUXZEXNCPOYEKSTNILYJLHMOMJMAYAJLZZWIKTZUWSFLEWSLKDMKJF
[C-20756] Processed Order -> Partition: 2 | Offset: 245 | Value: CKLHSNENGJTJCUJBYMAKFQLACJFDAHQJUOVIXSSSANPTDMINEPHFHDROYLWCTQDJUDUMKMRPKZIMZGPMMZHVIEDUHUDZSUZQAEUT
[C-20756] Processed Order -> Partition: 2 | Offset: 246 | Value: KJHVHJUIMJVMUFRQKAVHWFUCETSPADNVNDAGADVDWEFEINWXNQDGSBRVFIWVFZFYUKJDKRZNCMFQTVIOQEYLLZFJXZJTVOWYVIIQ
[C-20756] Processed Order -> Partition: 2 | Offset: 247 | Value: OBXKZZRAVVFYDJSJXRKBSHEXWHBXGPXCYPBQMUQPCJEERMCHVYBADQCZUIWZAGXVHWJKTFOEUCDLLMLHVTUXRRCCTEOEVZRAACSR
[C-20756] Processed Order -> Partition: 2 | Offset: 248 | Value: GJMPYTQAWNVPXCQOTHADQYOHYKBQYAHVAUSOMZFRQZTTLNWPZWQTPQDCMNFCWAGXYKONHXABHBDVIQGCFDCNWSDTYIWNFCGMOTJG
[C-20756] Processed Order -> Partition: 2 | Offset: 249 | Value: NYFPNXLGGPVXLLHHFOGILLCTVJEPKDNELCBYPBBKYRQSZLQRBLXCLIVFBQTODAWWCXCSTWCDDATHSMRVYMJRFGBPDEECYPNYFVZI
[C-20756] Processed Order -> Partition: 2 | Offset: 250 | Value: CXGVWQIDMIJOSPDQGNOHKWTVRHJGPNHYRRJJIFAWVYMYFEPRXIFXRJEIZJOAJVALOFXTSIVNZVPUHJFGYBAABXXKYMYVEEKROPOQ
[C-20756] Processed Order -> Partition: 2 | Offset: 251 | Value: XNVTZZVHAAWRWMZYALCWAAJPQTGIILCBYUAUQTJPTMCSGKQJHJQQFABHQPMZOQIVSJGCVZMRMFILYSCBEALGCHQZAMPMWDMABVGG
[C-20756] Processed Order -> Partition: 2 | Offset: 252 | Value: XVILTXDOCKNXQACMLHETXXFFAYLPDVKWVUHVZQLZJUUHGZLGTJQDYMEBXWBMETQAHWVKITNDNTJYMWZHIILPQTXZFHWOAXVIHREV
[C-20756] Processed Order -> Partition: 2 | Offset: 253 | Value: ZOEXSYMOUYSENWWLBISYAPUMDFTHGQEIWCLJHZZEOYWXTUWOXEAWRLIYJSGJEBUNKICGQPZLNEWBZSXDNXERYRXAQKNBOQNKTYTV
[C-20756] Processed Order -> Partition: 2 | Offset: 254 | Value: VYDLEPDSLNJPLPZXJYRJHEVUCJGJWXHUWYRFBQTQYZANBIHNPJCWKKWSCOOSIANKAYTHABETJOKTEQVQGSVLNHOUZUFMGVGXRFZW
[C-20756] Processed Order -> Partition: 2 | Offset: 255 | Value: RTETWZJWHKCFTBQDYOSFHLCMHWRCGEHUMQPZPTVWCKIEXDGKBDVHTEVZVFSMAWQLGCLJGGWDHLOGTAOZUUXKABYTWPIHEUOLBUBG
[C-20756] Processed Order -> Partition: 2 | Offset: 256 | Value: INGRVYPHPMXEENOWDHBEQTMDGTBBUMGPRIKBPTBDDYMCZGSBEZTOQZUJHPJNWYTZRXFRKPGPLNNWOENHCQEILPMDYXLONOOWLEJK
[C-20756] Processed Order -> Partition: 2 | Offset: 257 | Value: HAJBORYFZPSYRYTFHXMSRFXQARLLRFTTHTYXYHQWSRAINQFSPQISWRGIFLERUTCXMPOKLUKJBMDUVEKUEEHCPRVKTGVAWFPRLQSV
[C-20756] Processed Order -> Partition: 2 | Offset: 258 | Value: SNGYQKKWTPCAEAMNJKHBDMUQBNMKKILYIROBMHUVYEEWCDOGFNWEGUEVQFWQRMHBZOMQRKVDVVGANXCMPINYCQUAQRYELMMWRPXC
[C-20756] Processed Order -> Partition: 2 | Offset: 259 | Value: JHZZRAUVTDPNSZUJQVUAODNBHAJJIMKVFILXMGEJTYZJDCIDXHDGIKKGNPVXGYJOLNNQSQMGGGABEUYMBATUUBKUDWZLUKIEUWIM
[C-20756] Processed Order -> Partition: 2 | Offset: 260 | Value: BAQHIZKEMNQHQTBEBPJWXJEHJVICKYYFFMQWQBBSTXHPUUJQGSHYOXUVYNCSGUKRCUNVBYQXTOYOKPSBKPDFXVZOBMGLPJGYQEQJ
[C-20756] Processed Order -> Partition: 2 | Offset: 261 | Value: ZIKFZRUOZWSZQEKIJMJIMKNUWFWCAUIQHCWRGMNLXTLHFLHYUCGWKAPSQKRRFAXXUSFDXKOPXFLGPTCCAAUEPNTUAAPJWFJDXJJX
[C-20756] Processed Order -> Partition: 2 | Offset: 262 | Value: TIZBAWVTSAFIYTSWGMMETYIETHKFZOXWFPBDBFWQAAFOBHCFFXEELWXMKWCUOQFKBVTTLCGGVHRBPBPPMOPCJZNGTMOYSWDKTUEO
[C-20756] Processed Order -> Partition: 2 | Offset: 263 | Value: PKDXFIYZBWMQEKDDYMYGTSEVUBLXEEOVWLDLHTBLKDCOUCQPBVZXRFZDMLXMAGZOPALUHUHFDKFXOLQXILHTZCSPEICEEIKCFVMW
[C-20756] Processed Order -> Partition: 2 | Offset: 264 | Value: KWGKZFLFOFMSJKXSFXRGKDDASKIQFCDTKHFBLGDKFXNXDVTFSLHMGRTTZPHTLWGDKCAYVAAAPPNCIQNTQUHDNHXPMSCQQINWRTYU
[C-20756] Processed Order -> Partition: 2 | Offset: 265 | Value: KCHZZEAVGSWRMHIJIJMXZSFWGCNFZUJLDVIFSKYDCLMCVHZGJOSTCCNXMEICQFWFSVYRDGWPYTQRKPCQNOZMDPNIKVAQMKWEOFHN
[C-20756] Processed Order -> Partition: 2 | Offset: 266 | Value: GNNFWADORZKUBYSSJARVIPCDIFWXFVAAVWSRZZTXKIXJLOFYVAWVPQLXDLDFYICJXVKUGYDPJNLTLOSMALJFNAAAYBMVXMQOZHST
[C-20756] Processed Order -> Partition: 2 | Offset: 267 | Value: VVMRXDKVSLZCWFFVBJYOPEWMYYQTGYUFZPADGLDIUPEELDBNZWTQPXRGYMQETQOMMCMCCVFCOXFNIMAIYFPKQIJHYQZYLOGTZNON
[C-20756] Processed Order -> Partition: 2 | Offset: 268 | Value: OPWINIJNOSLYYOWGSDFJXSGUVXCDUSUMKRLRQSITXBEKWQNWAWMZVFTNOBNESIEZOWFSXRFZAOJSONQOAIXZRWSQPYORPIJVCLQG
[C-20756] Processed Order -> Partition: 2 | Offset: 269 | Value: TAZQSFPVIGFUBVPLQPBIBQNDYLHFPYOJAGDAKMIUMFRWYNVFJUPGYXFNNEOZZLXRXJXAXJRZGKTYWVKHCPEUJLCWSYCJVMKYGOAV
[C-20756] Processed Order -> Partition: 2 | Offset: 270 | Value: ZBNXZIFVEEMAETIIZGCDYARXOTRMTLMBPMPMHNFFTMPWPTYGBTSRXAYIJYXGMKSHGVRGTDURAREZFOYLYYIJUDYUWVCUWKKZVFKR
[C-20756] Processed Order -> Partition: 2 | Offset: 271 | Value: EWCBXPRUTIQQUGADEMVAIOMCKQYDLDEOGSPDRLJQCMBIXFMWMQAMXIRHIJWFNATGQZQATCCRILPXRVEHBWNXJZIPPMDURLQZZNUU
[C-20756] Processed Order -> Partition: 2 | Offset: 272 | Value: AIWSWXZNORDBCVVQKOHNXQKTDXHCTRALIYQOTDDPPYJWCCCBSPAWZXEJXKVZKFROXNSUYWPNJPROEDIPASRFRRTAXTVTEYSKPDAS
[C-20756] Processed Order -> Partition: 2 | Offset: 273 | Value: XGYRZMAVWMGJJXTDKFUSDELPWQBLYFRRXEXSPSEYCSMEVZFZCWDADXSDZTKTAUFAVEYIQMEEVBQNKNQEFGIDEKANWCTLHHSRCMNP
[C-20756] Processed Order -> Partition: 2 | Offset: 274 | Value: LAGYVPOTPXFGYOUCIDICCLDUBLOYPYIFPEWVXRFOJXOTYMZFZHCPUOIBQCYPOUBFCZRVWPMZZGWMZIPGYIMCZQMDPLPCNXAEYNCQ
[C-20756] Processed Order -> Partition: 2 | Offset: 275 | Value: DKYJDVTMYJKHYQFIRURVNUWOKGYMOJZKRGWIVKJXRJTNOOCDTKZRUDYPAYIMNIBJTRDSIXJABUTQSBQRTTJSQZYSZWPNUJWYRTMS
[C-20756] Processed Order -> Partition: 2 | Offset: 276 | Value: NXCZJQACVFCVWXHNFQLJEPXTDLCZKTRXFEYTFHFYZTJHNPCITOJKXVETHUVKGVYPBLDXMOTJSXMRCETVRZLDEMQFAPMQRDABACNV
[C-20756] Processed Order -> Partition: 2 | Offset: 277 | Value: QKKXGJQRLZTCVXAHDPUFNZGSDJTJKATHMCBKWYVRYVSLLPSCNVFQQPSGIDSETLELVXXSYRFCHCRKZELODKXDCOTKXHGMFINTNVQC
[C-20756] Processed Order -> Partition: 2 | Offset: 278 | Value: KGXGFBEGWPXVMJDWIALMCXCQMNPQNOONMOLCOTYFQTBTUFMZLDZZECFGDOPRSLIIDGEERZFNVIJKADQTBEMIPAYUHVWUGMXMMJXY
[C-20756] Processed Order -> Partition: 2 | Offset: 279 | Value: MJVLTWNGYJSFLTIOHZNLAEMMRPPTXQYUGYTJWRLNTTRTKIBSHDMYVLQHNBNZXOENYBIGVTJJDIVPAAQJVTLIJPUNDCHFHNTZOHQN
[C-20756] Processed Order -> Partition: 2 | Offset: 280 | Value: DXZBFJXISMTMYPYRAGAHPPABXMUOKNOWNDPWRYGXHHNBHPMOBBEQHAPVVKBFBIWELRNHIEJWAMVHEUFKXEVPVNPEWJHTWLXMXIXP
[C-20756] Processed Order -> Partition: 2 | Offset: 281 | Value: AJVNICBQFXGMTOHWXGOFLPPPQEEOIEDGYDCBAISTKWIDRDULYDFJBRQDCVJSIETVGLOYPAUFGRNYSZWIWMCMAQYYLGQCPAQFHQAT
[C-20756] Processed Order -> Partition: 2 | Offset: 282 | Value: VPZFERMGHSKNTTZQDWCQUSXLPDLXBUVMTFOZBHNLWRHQONDBICJZTGZCVDJLHDDIZHJVWUOTZKCEUEKWCSMZZFPFGNRPQLHTYAUH
[C-20756] Processed Order -> Partition: 2 | Offset: 283 | Value: XTKFACIHRMPGOCPOWJJJLJRBXTHFMFMBSAQKXXXUBBNZKYOVTLQNZPTJAKEOCBDRWYMZONAGYINKQSLJGHMCHUPOWAUXEDCLSMLS
[C-20756] Processed Order -> Partition: 2 | Offset: 284 | Value: RXYKVVQCDRYKTGNEJTLXSNQNSIIJCXXENIQHRVXDVLBTWTUKYZATJUXJELVLDCSJIGIQTIGRUVGXVPMUQAGZTWCINUKMZXMDHUJG
[C-20756] Processed Order -> Partition: 2 | Offset: 285 | Value: YLSHLFHGINXCUACHTEKORLOFOWDKQAQNIIDUAERICRRPHDRYBMDGVGSSBAQLXSHCKUSMVISEKHITCCJCOGIIAMGGZRYXQTOVMDTT
[C-20756] Processed Order -> Partition: 2 | Offset: 286 | Value: KIDTLYRFTZSNNADSPGIZNZIFEMCJIRZGCQTYMESVHOXXFSALISLNCKHSZAKCOAJWFDOUKYPONAQMIMOYGRGPKKBDACWIGUJDNFWG
[C-20756] Processed Order -> Partition: 2 | Offset: 287 | Value: KQRDZYBUGZTQVJWDBPGVQUBXUJXYWDVEBHGJTSAFDMHWFRKBTHTYBFKCHKGXXYETGJQXYIZOOTIGHQMCNCQPSBXSWNRGJPHAPNEI
[C-20756] Processed Order -> Partition: 2 | Offset: 288 | Value: BNEWJBZJZKZPTKVXEKAGQEGVRSVRJEGJSXFAKYTBWOFECJRXYCHENYLWBKGXVNPZSFRPLNTZYYVRBSYMFGWPVMFPAVDBBJGMKEST
[C-20756] Processed Order -> Partition: 2 | Offset: 289 | Value: YCLKJTBHQUNLAASZBITMRKGDAUJSYUYRKCGBLHXWRWVSFGXSNEMHOMWWUHSWJEEXNGQOBVDBGUZVKNUVARHJGTLJPFPSXLXFGZRS
[C-20756] Processed Order -> Partition: 2 | Offset: 290 | Value: BZXLFPMIQPYXYRUYHFTNHQSNAIDQNYRBILXRMNYSKMZKYJZODYHJHKUDVSJGJAVPSWZLMBSUEXSBQRNZYBOIQUHADYWYEEXFUAZH
[C-20756] Processed Order -> Partition: 2 | Offset: 291 | Value: GGENGDSMNRNAZPOLBJYQMRFOABYVAWGYWQREEXZPMRZBOTGYYRVGYFNPILKMHJYNZOOGSXDTHZVVKUGPXUVXNSPNLHRSRBUOQBSN
[C-20756] Processed Order -> Partition: 2 | Offset: 292 | Value: CKDNGGYZLIVQYPDKEHZCAKJJOOMVWQUOULPQQLHWZYKRKQYHCIGDJDHXRHKIWFJXTLOPCEAHPWPICTKCWLQRTYHWQGDGCJKADUAS
[C-20756] Processed Order -> Partition: 2 | Offset: 293 | Value: NCNQUPHNCBEVQYKSNEVLCLVOSIRYZNPQYAKVJLWXOHTHGFTTKWUHZVOGTCSJZILOICBKYHIMHPDEFSSCRGTEXIVWKRTJYANIESIQ
[C-20756] Processed Order -> Partition: 2 | Offset: 294 | Value: BWVDUABXMXCTQNRFUPOYJVQMEMOXYCUZLNYXKLXXHXOZUSWMJTSVKHCWEPFMONYCEZZOJZXMWZVFESKVLQBANXVHSFARLOVLUKQE
[C-20756] Processed Order -> Partition: 2 | Offset: 295 | Value: PENIAKHKPMMAZRDJLKBIUCEGDUOEHLIBOIWKNDCXAIDHKFEOFCDYQQOQSXBDCZVQNYFNNQUDTGHNOVRRTHSRPHOOXWBQCAHAIFWH
[C-20756] Processed Order -> Partition: 2 | Offset: 296 | Value: UIVSSYTWERFSEBUSAHVYBZURQLHOHNURKRJSRXEKDBESHQFEIIOXQHLUSNSAWRATMQWBMBIRERIUWWVTLNWUYZVENTXJVSKTKTGV
[C-20756] Processed Order -> Partition: 2 | Offset: 297 | Value: KMLWNFOPTKSYUBQBOZZRRNDBNQIRSUFXPTMVALDUGYKWLCDWDBGFGSLTZNCGNFCCNEAMCCZRBIRUJSRQFIEJFABQSPZBJRODPPHG
[C-20756] Processed Order -> Partition: 2 | Offset: 298 | Value: BKAFIGXTSGBKLDIFWOZYIJHFCONXFGJNUYETASIOSNXNCMVZRHIXGYHLGYMJNEQWFMFVPEZHZVHZXEYPMAKPYSCDIYBPXBGJKDHU
[C-20756] Processed Order -> Partition: 2 | Offset: 299 | Value: NYZJYPRXEADNEHLVGMPLNKOQRVUTKLKLHWTCSAJKQBJKBDMDYELRHOQLNITQJQWHOVTYQJJHOSZCNHXSMVFKJGGRGDLTZSNJMNDR
[C-20756] Processed Order -> Partition: 2 | Offset: 300 | Value: UMOAEIGOUBFSELIGCBKJORPOOILTOTHRTWJRBNQZZJVIPLRVWZTIADIPYDSYZSEULESCLSMCQMIKDOWOKMEMMFHASYLDCDQCVHXJ
[C-20756] Processed Order -> Partition: 2 | Offset: 301 | Value: WSQRQFQKLROQSCGAHLHUVREHHECNYVSEQEZLNAJTMHHCYPLVIIQNIVGGYPADOIGRQDLKKUUIRILQHASSSBAUYOLOOTNPMWIQDJZC
[C-20756] Processed Order -> Partition: 2 | Offset: 302 | Value: ZOKHRKDCTUCDVZJPIVMPGIQRIQVORQOFKBNWGTZQSYONERWDTAZCBEQQHPNWRKZVWTGYBOUGZRCBULFIPFSESZHSAODNECWBOXGW
[C-20756] Processed Order -> Partition: 2 | Offset: 303 | Value: AENAWJEQCWOFIRXETXPYBYUQZSVPGWEUXIWUSKKTNWPXMCEWKHZNZZLHXDHLUOSSZIKIICBSEIUDHQQMMAVJVTCJGRWWEASYFBOW
[C-20756] Processed Order -> Partition: 2 | Offset: 304 | Value: RHCQGDPEKXWDKVERHMEMQIZOQKVYLOOSJXHIBYNRFRYKYFSHGEEVYOBWPWLHHYDDFFIYPQHJKXWZTNTIOMJTTDTMUJXSLOGTVUCT
[C-20756] Processed Order -> Partition: 2 | Offset: 305 | Value: KUIUBYNUBEXDQMVDNCCFWDNQZUHZDJFDJTXZYJJCAGMKFPFPYLHTOWLVGXITIUFFUCIVWSWXLQCFISXBUGFFLUPCKBIOZMWBYLLP
[C-20756] Processed Order -> Partition: 2 | Offset: 306 | Value: UPQWJDKTZHGLFMLLPLNWHAHLQFXTYQNJGTKPCWZMUHHJAPUNRMZXGHBSPBWWWEOLVMVKNBOXQDFMGGHSXJUHGWULYSQOGKJZNSTC
[C-20756] Processed Order -> Partition: 2 | Offset: 307 | Value: BDOYTEBMWTWVAJDFPSSAYIHBCLWVBTZEZJURQTKPWOBONLOQPBJENIRMIBSXXFPUDLYNFNMPMACEQMWXFDKBNJOVNMINXXVVIUUX
[C-20756] Processed Order -> Partition: 2 | Offset: 308 | Value: ACFZNPYJONTGSNGQGYOMFNTWJVREYNVVSLIMOSBHNQJCQVPPNKIRRZHIYEKUHJILIQCUJHXMXVDGGZQCTJNJZJBKGXWJBLWEMQML
[C-20756] Processed Order -> Partition: 2 | Offset: 309 | Value: GPNQWLXUSKOXGFBPTCFBAJMMGMWWUFPBRXIDVHDCACEZKMDUWSLMDOFANXSXSIOTJFIKQITTVWRRMOFMHSSONAFKEQJVAHACAPCQ
[C-20756] Processed Order -> Partition: 2 | Offset: 310 | Value: MICAWJWJTZZZBSWFAXPZXNJKWEFDMOCUUWWJIFMCEZSBBHEEYWMXREZOZOTXXCMRAUQQRPZWSMCXAXBBETSTJCYGQGTLAGJGMFRV
[C-20756] Processed Order -> Partition: 2 | Offset: 311 | Value: SRGRPATOGXQCRMGFCLAUJHUPHUJLAJZIVJIJREXDCMDKJOLYHTUGAGBHFKXXNOQRBVPSMGGSKODJTHZPIHWMUOPEINWOIQAABEHV
[C-20756] Processed Order -> Partition: 2 | Offset: 312 | Value: WLTTZGOTPWBHOZUSNCZPCBYOHJTGJUJTLYCNPUXNANLYXMGLAQKEKXIIJPHHOLKNJNJYPFQFHKJIXYNHADXVEFHKBTKQPQLZYOOP
[C-20756] Processed Order -> Partition: 2 | Offset: 313 | Value: GAJROFDWQQMGEODMXNQUVXSGRTIGOCFXPHWJDAMLTWXXLZRARBUNYFCFXBSFBHECBIFBNPVUEMINSSOFLXWIUOCLCZYJJVCBFFUL
[C-20756] Processed Order -> Partition: 2 | Offset: 314 | Value: MCRZZTSLFOPXXXGHQDIOXLLYPPTKDHQKSKWLOQUDJOIQDDUSGOVEMWIDXYAPNLMONSJCMKIRLYGQDHMZNTTBTLEWDQYTLLFTOEDC
[C-20756] Processed Order -> Partition: 2 | Offset: 315 | Value: MFLWQXDKEHKLZCHAKZKGKYKXLLSDVUAXJMYWSYWXWWEVTEJIWDRBPCIXUDKGVAUAKGIQJXFHXCNUCMVGXSQIIVXBHUQZXDBVSQYP
[C-20756] Processed Order -> Partition: 2 | Offset: 316 | Value: ATKWKGBCBDUISMVTYRICYNVNABLGHQSBQMBGISXSQBYGMMTBVNJJYDLLBRSSGVTPIZLGUPUTUDYOVLQHBFSRXJQMOKDDMHBEVLZU
[C-20756] Processed Order -> Partition: 2 | Offset: 317 | Value: XITCHKJUPZTRHDDTCWXNYPQQUNUNBRPAELROHGGNJRQZSOAHCLRILKWBCSBFYTMQWORRYCJIENHXLGTTEPVJWWEXWIXNTZEKRGOH
[C-20756] Processed Order -> Partition: 2 | Offset: 318 | Value: PMBABTZEBOSJLOHMNBLHHVVNCRCLCFPKKMQHXRLYQWNAXAWHZLSSDKPGOCELTOTXRWKXQOHUZCVQQRZFDGOESKQPFQDZNPGHETFA
[C-20756] Processed Order -> Partition: 2 | Offset: 319 | Value: EDJOJABJBBMLWULJLSBUVTBDJTTSEVGUKIMYRXIEEDJMKEOTSCXIZZUDUAQXVFFEXVQFTYRDQGENDEDCHPIJWEKXDKZKYKMISNJC
[C-20756] Processed Order -> Partition: 2 | Offset: 320 | Value: CZNHGBJMVNAMGFLKMOHQVDMKBYOCFECILEVOOLANZKCDAANKVVJZDIRNSQLKESSMEFYVHLUIEXGLZQZCBJENUWLPYEFGEAQOELCT
[C-20756] Processed Order -> Partition: 2 | Offset: 321 | Value: WAWZYSLXOUWFTBJXSCFYOENREKFCSKLQUTXYQIAMPWOTQDSQFUCKASTOKZOGOLWOBXGJNLDXEQMCMRCNSCXEDKOSGPKYLXNMCYML
[C-20756] Processed Order -> Partition: 2 | Offset: 322 | Value: IJBTBRUEUSMLTVCEEIDEJIKMIQQANNTJJZQOZABOLMPCCBNEYXRAZQBATPBTPDETKDTZQEWFGGYBOSRKNQKRCNMHXRWMWUKBSMPW
[C-20756] Processed Order -> Partition: 2 | Offset: 323 | Value: ELDEXQUSZJPSBBJLOCGVPISAJJHLLVYHPCLCHGNVDWNREODLRFBCJZWVFDWGOZROXERDPNZAZZDLKEXKFAOJJWTGWHSMPDCJCDIW
[C-20756] Processed Order -> Partition: 2 | Offset: 324 | Value: BRBYUQZMSPADSRGSIPFRGKSTWWVYLZRRCWSXYSGCJKGMEJHGFAVLISLIFFRXRGPMJDRXJHKLHUVQXDONOMKXJBBZJUUKZLMTGBEJ
[C-20756] Processed Order -> Partition: 2 | Offset: 325 | Value: IYOVKRCAJNHVMRUTGGLCCMJELNQPKGAYSHCSUFTQEQNDWPXIKFFCGLJFKVVMNYENYEHARRBJFLRMIHNNOOEJSEQGQWKXDHNUHOWN
[C-20756] Processed Order -> Partition: 2 | Offset: 326 | Value: DHOVDLFNVEXUQPQFOBKSTIJONIDFLUDANUSUEGIKACGNWYDIXZPTQZVTKDIMUSMVVOGLZGUXRUDTXSFXDVIYUWEPDLNBZQLZKNXS
[C-20756] Processed Order -> Partition: 2 | Offset: 327 | Value: FUEDBJGPRPBLLJATGYAETFBQPHTUQXWROVYALGFHNAUZSSJJJOMPJYTWWHVTQQEMTTNMQSFKOPUVUPHOFBGGXIWUWOEAZDVTWTQB
[C-20756] Processed Order -> Partition: 2 | Offset: 328 | Value: ULFMOGUDNMPPLUOSETBYDOQETSISBYJBGKHFFEJGOZYZLYEDOBLCGTRKXYWEXOZRXKSDJUPIGUDHFNCNUFQCNOWVMQROTABCQBAM
[C-20756] Processed Order -> Partition: 2 | Offset: 329 | Value: AGFPURDCPRWCEPXUKNTEGYDRYSGDKEPIGAEGVPRDDEMZJPSIVACLVJHBYRKGOFFVPBLSFYSAVYTSBHRGQSYISJJJCQJGUKPHWNSU
[C-20756] Processed Order -> Partition: 2 | Offset: 330 | Value: DKMTKBJUWGVOTEFJITFGGUVITFESAKOAZRLLPWGASFUWEUROSWVTGJKKBXNTUWIAKOGUIIOLGQEFFLHWQPREZDQTYSSOCJQPWAUF
[C-20756] Processed Order -> Partition: 2 | Offset: 331 | Value: ZPTKFJXABARZUWGSEFUNWWJTMKIOOEGNHLPCYXOSWWSYYOTQIPZKGKRQCRVOZTTKDWRFVWKDFMCSWNMCKTCUFOFCSDAUXAEJYHPI
[C-20756] Processed Order -> Partition: 2 | Offset: 332 | Value: YZPJVNYYTTKUPOZUXFMUZDUROSZFOAIBOYGOBYXFZTACXLOKVPROHDAJPFGRXFAKYOLUIGMCHGQGPLQGCQKUJXDIHFZGGTCNPQCL
[C-20756] Processed Order -> Partition: 2 | Offset: 333 | Value: FVVHYEIHAMSNUDGOOXNCPLMARVFUWMXSKUQBGRGKENEHUNFAVKIODTPFXRTDHEITFMBIYPJLHAKNOWCCWIODKGLPPWMTJLEICYQA
[C-20756] Processed Order -> Partition: 2 | Offset: 334 | Value: XIZZHTKNQGNACKRUHNZOMMCVIGIHAZZYXGGKIZZAEIMQVYBXYIFJFBJVSTWNNPEQBLBRHFVSYOMKOBZHQCQOLBFMNZOTAUDWNLKY
[C-20756] Processed Order -> Partition: 2 | Offset: 335 | Value: EIDBTQIOUMTVOCCGIMJILQAKJQWTNQWUAWSVAXCSUFUQAFDQGOKFSNUTSSJPUXPLKODSZHJUQSLKNNTNLPBCXKEFJGKGYFXYTNLD
[C-20756] Processed Order -> Partition: 2 | Offset: 336 | Value: LRNYRUEKPFLDUDJAHZMKGNRCLGCZTFCLILGPYNLBRFKFKLHWHRLJISAHZFXIYYGWWXQRVJXUQXMWJARAVIRTFRFRSTCTHIOSLCWW
[C-20756] Processed Order -> Partition: 2 | Offset: 337 | Value: FXMHOWBGVUEIEKCEJGFTAWVGEKXCABRUEXQJAYUFTKOTDNHQMAYZWWSTDKHHAINEJKZUBSFDWHHWGHRTMZXBZHSLUQKMBHLPEXQE
[C-20756] Processed Order -> Partition: 2 | Offset: 338 | Value: JZMXBWWTXBSBCBKFECWDXOTAYJOWYFJGIIDWWRILUZAZAZPQJABCJBEFDHLAMZNDTQNKQVMPHAIVRPIIBALONYVIYVZLCWGYHTDO
[C-20756] Processed Order -> Partition: 2 | Offset: 339 | Value: KLIUTZFRKKJMOARXGRGKBAQBPEXBCKRBOKXTWWWTNJLJUYBJIIHQVPBBXTFJPFWNAFNTSLXLDFCSGMWDIUBMIARTXYMDIONIGNRJ
[C-20756] Processed Order -> Partition: 2 | Offset: 340 | Value: EYJIRLDTGEQAWDPIOSHDIAKPKYBKRHVPURITHMTEXRNEUCWEUUSRFYFQLQBAZTACGLLRSHTCNEURKUPUVUDWUDHJFOOOZKUFBOJK
[C-20756] Processed Order -> Partition: 2 | Offset: 341 | Value: OZSNSMAZJBIHAKLLVLTTBXGYWHOBRGNRODTUOYVQGZYGTETYKNRMKBBBITJLCRWRHQWGQUJZLXZULPOWXEOWYPWJWFGUAOWUUYQP
[C-20756] Processed Order -> Partition: 2 | Offset: 342 | Value: TZDYJDSHGSNCLBFBYJJWCDHOFNELSQVIYNGOLHOCJBJVNXQQXKSNGSHIBYMLSRGSPKADAGVFKXPFIOOBTJCEUKNQWXOLUGOBAJGY
[C-20756] Processed Order -> Partition: 2 | Offset: 343 | Value: WCYRQYHJCTIOPOAFNBNXWHTAHAHFNWIMMKWVKKWFRGDQAOVEDESPUDODPNOTIIZQWIFDCLIZAFPDKTIAEBUEPUYDLYSSRHGBRWBA
[C-20756] Processed Order -> Partition: 2 | Offset: 344 | Value: MPKKATFTYITVEZBZFXEWGNYECUGEJTOFISZCWUXDRYCGJMCIFDNYSDISKCGULGGORNOWPKKVRVTQIPZBNIFRWZAODSYMTXURLWOG
[C-20756] Processed Order -> Partition: 2 | Offset: 345 | Value: FSTMSCIKWBGEISJWYGZEMRWJRCSNZHUDDWHISOMSUKGQIVTZLPPSZYJSBQZDDOORDZEUTPIAOPCZTQBDNHDLHKZQJJRWAPSDFCLZ
[C-20756] Processed Order -> Partition: 2 | Offset: 346 | Value: NBHNMQXXFCOEFXJCBSUIZNWAHIAFWGAWYMYLUSETYOQSFEBVOMROVMYGAWCIMAGOTYNLCCJSZXDHMDXSSHNKBLNFZHTMPIXABQNI
[C-20756] Processed Order -> Partition: 2 | Offset: 347 | Value: TMADHGTWWMBYZUOZNNGRNDUAIPLVBKKHOFMHFEGEQBAFCNREFVTUSYTHTFWUTGKCTHOJWMQXKTWYBTTJKBNMWQYRFKCCRJCLBHPA
[C-20756] Processed Order -> Partition: 2 | Offset: 348 | Value: ZHHZVIELIPUGLPKPPEIDQYEPVILDHEFMJUCDYHYTXBTQENESHHUJRSIKHOKXKBFJMFDSVFHTEVBJEQSBMSEUJMXBOBQLLOBSEHKD
[C-20756] Processed Order -> Partition: 2 | Offset: 349 | Value: DYUALOAROWEXTATJZGOJZBQBWDUGMJFFPUSLQRPNBFEDKMQANVFLLXLMFJCSHFOKEKNXUATVQDVEHVSBJFRGUKGWUGVMCMWCJTJB
[C-20756] Processed Order -> Partition: 2 | Offset: 350 | Value: FQRIPGBXAJQGJFGZNTMPIDAAHQMUFKKMOHGHTFBWEUMIEIVQHUMGPENIAFZHZSJFGGIRACILTMCQQXJBFPFIACQNFBPJLSIQJIFK
[C-20756] Processed Order -> Partition: 2 | Offset: 351 | Value: LGGFRXANPEIBOETZZMIQXSDYJSJCEECWHOOSCYCUOKSQWHNNQAKQZTADBTWOUWYNSGKJROUUWJRRNJYKUNNYXPGQFAWWPKZLRXMR
[C-20756] Processed Order -> Partition: 2 | Offset: 352 | Value: EDECQUFREWXSGCTKZGVNJFCXWARYGGBYBGEEAGDHZYTVFLRWXBOEEDFXEBYLQLPZZWPZILJWRPEDXQYPYXVVHQIBCUWDSNTPDSDX
[C-20756] Processed Order -> Partition: 2 | Offset: 353 | Value: YIIXRVVWXAGHZQGFRFTYONKVWMGEBVKBLBPWWPGAOGBUPEGFGTXGWVGDODBPAEREWCLFPNRZFTCHXWBSBZSXKVTYQBOKNBDLQHTI
[C-20756] Processed Order -> Partition: 2 | Offset: 354 | Value: EAPCTDVTXCKVYLRURNPFVXEXHPUVOYUATZUZZFZTAOCYZCMZZWRZGCCWZHNNVAULMVHYGIENDUYNAYCDLHRYFABAYYRKNEMMZOXD
[C-20756] Processed Order -> Partition: 2 | Offset: 355 | Value: REMAWVEAHDZWFIXZUNWKPRYQGPXLFRIUCFPCQBNGVRFDALZXIZTQEBZEBQJZSHDCKHSZFFMDZQSXHPNYETPAJGIMBWWGUKRMXZTB
[C-20756] Processed Order -> Partition: 2 | Offset: 356 | Value: TXZFZTORYBFMLRAQFNENTZSHKSLOVMLRMUHRGKUXSWFAORRRNCZJDFJVANBYUUULHRYEWMPTKQPTKWGDGMNMYADVSPAVTHTUAGFD
[C-20756] Processed Order -> Partition: 2 | Offset: 357 | Value: WPWJNZQVWOARICSAWTQAGRZHLPHUONDJPXMJVGHDMXKVJZTGJMTGEYEIJANQOASEVSLALWERXGNCBXKGEUKUNPUZFMYJBJEXCPLP
[C-20756] Processed Order -> Partition: 2 | Offset: 358 | Value: SPEIHPILVARBTLUNCWFMKKDUIMEVWHMVNLBBIUWBHTDESORWOBEZELXHBWVJMESIVANWCMTCCFWDBFFHDMJCOIAPOTAUPXYSIIQH
[C-20756] Processed Order -> Partition: 2 | Offset: 359 | Value: PMCUTCSCRUFNPXVXTSZXJXXVAKLEGLRMFYDWMCPWCOODBXQALZWEBYMURGXOXNVKNCFJVZXYYVDQKQZXRQWXRHHDACVVDHEXXAOE
[C-20756] Processed Order -> Partition: 2 | Offset: 360 | Value: ZZSKXVDFBUJLMWFNPQDOARIBYVJVVFGOLAOYWOYXLAPCNNDCFVCEIESVSDNWEPWJUPVLVTGBHMHRLPGLMTYSTVUVEEKIFAXIDUEA
[C-20756] Processed Order -> Partition: 2 | Offset: 361 | Value: QVBYUJYHBEKNIACZMLVIUIGHFQIULZMDXYENQKDQFHNONONEFDKHBWZYDZWLSPXWKFMGZBSZYBXOUMDRWRVTKLGVBDBVCGTQRAGO
[C-20756] Processed Order -> Partition: 2 | Offset: 362 | Value: CEJGTHJANFTILOBGKDJJOZUBSNRMPNPRVIIXASLSYPAQLVKPJDOGQSVPRJEZTWTUNYXXXGLJTSWHIIVBZIUXJFBDZIEMYPRTLFLB
[C-20756] Processed Order -> Partition: 2 | Offset: 363 | Value: ZRHTYHGNSBMFGCGZKGSHZKLORLDPOVHKHOLCSJOFNYLSEIUAHHOPSGTTOMMANBUQMAISHZNBDNQOJEZLCTGMFHCFDAVSGXENDGYL
[C-20756] Processed Order -> Partition: 2 | Offset: 364 | Value: CGBIPGPJWQYDBUKIPYNVVNSDDTNJXFFFTHFWORBOLRZEGLXAWRHHQGNBNHRKKOSMVOICNOTLTFUNXTCNFLSYXBJWRNYVYCJSDXWI
[C-20756] Processed Order -> Partition: 2 | Offset: 365 | Value: KUQYHNIQPCVOGXCXVMUCKUXBZAZKMCWCOLXMLJASVENTBNMFOGQCTTOWSMOMAEKKDUWKXWRACIGPJTROZKFEDNVOOEYOJMNFIWBX
[C-20756] Processed Order -> Partition: 2 | Offset: 366 | Value: LOVGKIDBXKRGWSSRCPOFWFLZSIQPNHMTVZWFQPHTEOIRFQHLOPMCVTRBKLOVTWHLUJPOEDGRFXOQNEATQBWQTQGQYMMCMIHTUVKQ
[C-20756] Processed Order -> Partition: 2 | Offset: 367 | Value: CUFKSCXHQGNGEKLZYVQIDKXCMAQAIMDMKJYYQYFLKBEOEPNIAEBNSSKOOLBHRTPNSUCUTQTMYRRAKEHTLJSRQSSOITHOOEIGUAVJ
[C-20756] Processed Order -> Partition: 2 | Offset: 368 | Value: QDHXAPKLHLAKQBRWVVAIEABSBAGCEJOGLWSKDSRGUYPJUDTRAKOMKKXILCXKGHOIRQTGHRSLSVGYNJSTYLIULVADYCADIUEIONZY
[C-20756] Processed Order -> Partition: 2 | Offset: 369 | Value: CQIRDHDHEKCNXVZWTHDFMQIIIXSNQIWTSZHZMPPSKFLTGKWAFIOGJKLHKVAOPHDYJLVOIVFBFIGZIYKUPUJTOPXPZXBVVDHLNDDX
[C-20756] Processed Order -> Partition: 2 | Offset: 370 | Value: GFXOPFUPOVMAOKFIRZFHKTKEHSUDJNZSUDGKWWSUACTMHNHSTHGEMKJMEHRGOFIPJBCIEESKOOFRDDCVUGNIJGLZFONMAKTFAVWM
[C-20756] Processed Order -> Partition: 2 | Offset: 371 | Value: IJLYBYGSIUOUXRMMJKGLIOVZHMMSTHXYHVPTCIEKPUZTXXDRSUBVADAOBTBSCDTAOJXQGYXISEIYYQYGHZPJHTKVHMIDEKPPTARD
[C-20756] Processed Order -> Partition: 2 | Offset: 372 | Value: THEFERBVARYZVQDFAPNKPPSSYNTYPGJWFAABHFLUANBJTMHHXLQBMITVYMZUQMTBFUTUFWWLPWWFGSDYPNCWEYGYLMJFXGCUXVMV
[C-20756] Processed Order -> Partition: 2 | Offset: 373 | Value: CLXBSSVHVUFGQBFKECRRBXXAHXSTTOETDCTIUGLMBITNKQJONAMUHCDWFYMBKLDNKQRBRZDFDAKSFKXBKCVHQLCWCTRHLBHAHWDI
[C-20756] Processed Order -> Partition: 2 | Offset: 374 | Value: BDOVBUIKXZXWEOJLWBBARPLGDCRLFFOIFQZUVJFMFAWCMUTWRHLXXRBEQFGEYFBWCAGRXTOSCTNIXMRZDUXTGOPBTCBHQCWVVDHG
[C-20756] Processed Order -> Partition: 2 | Offset: 375 | Value: VXVIDCKCRQTERLORJDCDZJPQFJVNCVLTIQCKDCGVESMHLVAHRYNCKAZWWAMNETPCSMVKHFOUJTAAEONFUJKDPOJWCKZWGLLLTMCQ
[C-20756] Processed Order -> Partition: 2 | Offset: 376 | Value: XBXVQDBIQXGFWJWBGTWTSSYBAOFOZYFMRTPRRAJQILGNVSDOGADYEPFCPCYSLNPNGZMCHQKJXKEHMBNDUCGQJCGAQZKAIMWEIKTR
[C-20756] Processed Order -> Partition: 2 | Offset: 377 | Value: TJQCDNFFPDULRVNUBTULCINGHPQPASMARYWCHDLDDMNYWCVFRYSHVTQZVOHDGZQTNOUEALJWGADCQPYRTZQALRDSBIKTQFOAUEHW
[C-20756] Processed Order -> Partition: 2 | Offset: 378 | Value: MPFBTPSVHQCGCELIIMYILEIDGMIXNZUHCXDSKAOWMMSWBHIVSHSGLTYQNYZMRSDVYDITNVYNWEZXQHSPXNCHNNRTFUVLQHFRQEVG
[C-20756] Processed Order -> Partition: 2 | Offset: 379 | Value: XEAKVPFJXOKVIUVFHTUAWHQLLSYHMRXZMSGMWPYXOIVHLWOWOLUKOTSWBGTMVINPQHLFMILHQGQLYUMEICEVQYLSXMIDFNIUXMGJ
[C-20756] Processed Order -> Partition: 2 | Offset: 380 | Value: OLUPIPCISRBNUIFGHCIDWVVIIXUHGRVNWADWCUWOZCEECLZGKMYNIXYIJAHEZHHDVQJKIKMHPWYWPUWOKEDUPIZAJZKIRXQTIASB
[C-20756] Processed Order -> Partition: 2 | Offset: 381 | Value: EFPKFJGKDYUOMHEKOZERWBJQLJVIHBXQYFPIFKVCYRCVRLYNSLBYMPHHUUHLKWTYAYMFIYUQYCHTNXKCSEBBULWHIRAGCMFDEUSN
[C-20756] Processed Order -> Partition: 2 | Offset: 382 | Value: UKULLBPBUUHKTDIVOYKMZSZOOASFPIYPHWZUOXLLVTQGEKSWUSCPSBFRCMGENPRFMDNJDFAJAAMXLTCOPNWYYNHYCNJRMQIOOPAJ
[C-20756] Processed Order -> Partition: 2 | Offset: 383 | Value: IXYRMBTKOHCYYKVIBZMABYSHIKDEGFXODZJPXXQPYJONICITNWPFAMURHFKPTVDXTAUQYZJBPJNGOOHDCAIFMEQQDAVPIDNXPIWH
[C-20756] Processed Order -> Partition: 2 | Offset: 384 | Value: AFBSCLSPRQUCCKNERFUZIUZMMYTIXIKXHLWFYQGJLHHRUFPPSMSEYVENAEYSKGBGVBQCPERVDYKTJBKFCQKJYVLNOWQBFTEWOQQZ
[C-20756] Processed Order -> Partition: 2 | Offset: 385 | Value: UBZHFIDJAXZBCSKWVUDFBIMBPMPNEMSJNDBOMVIYJPLASMBBNWCDLECYXYUCYMWDDHWKTDIRSCXLQMNACQYOJBDQBNCKFJALVWRL
[C-20756] Processed Order -> Partition: 2 | Offset: 386 | Value: THPQKKAFUHLNOUGUSIZBDWQQJDUIDWZOTYXRRQHFVXICVVYGXLACSXOFGIUMPXQSFHWWIKXTWBOPXCVHHKJWORJFWWQSJNNMDCPJ
[C-20756] Processed Order -> Partition: 2 | Offset: 387 | Value: QQAUFVUFCFIDIGFGAZICZQIOTCLHROXCAADZUFYNTXFYAKWYWCUFVRAUTFHWVLLXFOELACPNHFEUQRIJARLLKSOGRLHQEGCVWKTF
[C-20756] Processed Order -> Partition: 2 | Offset: 388 | Value: HVYQHZHOKTNBXHYYYNXJCSBEUFTXKMJNUBTTNIOHIPYVQRIEVTDKUTWYDDLCIOKSGIEQZILRPUOHOGLKPAHUTSVXXJNMQRPSKKZP
[C-20756] Processed Order -> Partition: 2 | Offset: 389 | Value: ITEDGJZLNGTUMXVCRWBRZYHUDTMEKQRRXGPZJRRHJIPUMUEOGRCHJJOADWHDBULWPWNEHZAJFVLRSEWTDYFSLMHPJURZMMGXKRYX
[C-20756] Processed Order -> Partition: 2 | Offset: 390 | Value: VNMMULKPOPDNNGFNLIMOWWMUFHVLPSALVKLFAXIFXVRXRJXOXJDWIMXUWZKIMQNBCXBBUUJURYIUXUHOFVHOCJPVLEQCTNBZJONG
[C-20756] Processed Order -> Partition: 2 | Offset: 391 | Value: XVLMEPNWYTYNCIEYRNGVZTZUUZETAORETTFGYGFCWEEYZZEPMTDICQGYFCDVRMSHRJFWZPUIEVXVNKKKOWOMHQZFRFHYKTHABBYB
[C-20756] Processed Order -> Partition: 2 | Offset: 392 | Value: FZJAEVAJYKXBOXTBTWYUCJIWTJVGGQEUVVRGRSOPFPICLDJMDKYGGJBXBXCTCRXEUEMAEZSQYGZHHKBVIVCWPWOQVLPELQWOPHBC
[C-20756] Processed Order -> Partition: 2 | Offset: 393 | Value: HAZJIUUYEXDIUCNFLQZOMNVVROQLUBOKMNLPPXWDKXYDNVZLAABVSRJSKRSZRWDKQTVXNOSXDNSPQZOFAUYRRBLBLUCHVOGGSLLH
[C-20756] Processed Order -> Partition: 2 | Offset: 394 | Value: MSHUOJGIGRUKDYTNORZGJARPJATFLZTPHBTRPHGFCIIJNZOQZFPPIJWXARLFACAOGWJWYQBNBTMGVBHNSIDJRJESRZDXABVRQZOG
[C-20756] Processed Order -> Partition: 2 | Offset: 395 | Value: FSTRJIAKXESYCKSURAGOKQMPUHORYYNHNNWSQRYNFOSBNINXOWXEEBQYDGLQNTSFUWBNAQRLKTDAZEKTJGGSAMEXJVBTHKEQTOEE
[C-20756] Processed Order -> Partition: 2 | Offset: 396 | Value: GXWHBMQICVXNMVXRUQSMINZWCROUKUNZJSGVBATBBTQXGRTGJPDTJPFNDFGXLJXMWSRAIYIQRDZRVANCBOGGUHIOOTOXYAHPZSQU
[C-20756] Processed Order -> Partition: 2 | Offset: 397 | Value: UXNTEPJBLVPGKQCNNTEGSMXYUCAGMHSBZEOCMBNTXSMJLADBLGZVXVVFTMBUXZKCELRSGGPLIURWQENHVTCXVBFFRXYLEXZCJVNT
[C-20756] Processed Order -> Partition: 2 | Offset: 398 | Value: EKOIYDLAZOKWOXTTYLGDMKSLGOLDHWTWFHQPSICKZPHKCQICULDYQYKUMSUNKJMAGIZZPHMEYFXEXNVNTICHLZMORLXDCIVDZNCZ
[C-20756] Processed Order -> Partition: 2 | Offset: 399 | Value: DXSCKGGEDHTPTBGTLVTPYCZIRCCKGSGSPADKZVFVFQZKQTVWLPHSWQOUINSJVEGLQCHVFBVKNZTFARNUHIYBJOUQRFEDIUXZVNRU
[C-20756] Processed Order -> Partition: 2 | Offset: 400 | Value: PCWQTLKHPHWCWRIIVEUZDLXLABHQVXHCNATBIAYFHVPWQPLBOKWMAWTXDUPNMGGMGGFFYNEDQWEUPNYDOMQJFRRFADNQGFKTBZCX
[C-20756] Processed Order -> Partition: 2 | Offset: 401 | Value: ALTOXRFRRTJHKOFKFYAZSARKGROVOKDRKPYBNHVNDNEKYTJBPCSTGYLVWVSWLPZLMEMOHNIKVFOIKIFNSSAKGORKAJBMLWGQXISJ
[C-20756] Processed Order -> Partition: 2 | Offset: 402 | Value: WQKMVYMGLOSTWEYUSDHBJQBDEHWBYQVXULGNMLNRXYEVTGWGYENJLHTGBYYLLAKXNMRUBKFYAXJKYOUGRBDWSGGNAQTOEJPWAFUT
[C-20756] Processed Order -> Partition: 2 | Offset: 403 | Value: LTOTWJTDANDQSLLBWGTSJXKMTTBDJIOXSKSVKZVGKRJDEALXJJWYKIRHCULOFAXBTRCFURGIBECTOTPNDDCGPJOYVGXXVXGIZMIL
[C-20756] Processed Order -> Partition: 2 | Offset: 404 | Value: ZFYOHASJOXUZDMEGMPBBCJHXLRTLOYUIOYOTANMLYYUJCZZNWFUVIUQIATSCXRYJDQGOSAWWFNNBKDERHQGVRMJVTVCNHQJTNWGA
[C-20756] Processed Order -> Partition: 2 | Offset: 405 | Value: KTEFSBSNFCBFIWBMDKYIXQEONBQEXEKMCDPJWNZEEKRIIHMHPHPFTOHKKTLCGOQVZRWBQWGMFTHUXYKQGIPPNXMLPSALRJTRSMVI
[C-20756] Processed Order -> Partition: 2 | Offset: 406 | Value: QIHJLWVEINDPDFLKTEPAIRVHPEJDUNVUAYKKIPAZGRLACFMONNOOLTINCYOTBTZHQGJBCSDPANBSCGQCXWNYCHWZHROUHYIXWHNI
[C-20756] Processed Order -> Partition: 2 | Offset: 407 | Value: GOZKDAGSVMCACORYQZTKRBGJAPHMOQAHJXRGTEQPKEODXJLLADTDCQRVCYWDKVSRNXPYQWROYMIDNPYFBZZMPFJVXKSOXKRPFLSV
[C-20756] Processed Order -> Partition: 2 | Offset: 408 | Value: NKEKVIPKXVCSAIVJBHRRQDREKMCMSYEKRCBNGNSCEELDMVYZLPGVRYABSLZTTYCRATRXLIJYMOTNFRLBYQPUMMPWIWJMZURISXKM
[C-20756] Processed Order -> Partition: 2 | Offset: 409 | Value: ZLJQUORFOGZATLLDEANCZQHHCIEQLQKZDGZTHMSSJNVIMVFGEXLPLAMAXYFZVGJLQRCGOXDGDCPNKOKHPMPKXOTGVDVGOWGZPCQH
[C-20756] Processed Order -> Partition: 2 | Offset: 410 | Value: FMSLAFUYBYWSTNRLJBFPHULZHNTQRCHKKGSCXGHBSBIPFWXTZVUCUOEXRRYJRVQHJVRWGVWXWHOJKCQUNWCYVPZLBJLUJEYURDAE
[C-20756] Processed Order -> Partition: 2 | Offset: 411 | Value: PFWHHTGZMLJYTEWAWRIWFUJEDUKLSNAYNKAKEZOPCRUUXCGYPDVMJTZHCKNASVCMYUTNOPZQXVHFDPBRNCSVXMIADQYVPBEPWXFM
[C-20756] Processed Order -> Partition: 2 | Offset: 412 | Value: EPUXNCSVFVFZVSSCUMKQVWEMQDYVJHWPCIJKCEYBGSEOBGKVXXJBZUKMXKQMZDEKTWAWYMUEHKJBFJRFOTCQJCVFHUNSTQRVAVQB
[C-20756] Processed Order -> Partition: 2 | Offset: 413 | Value: MXYNBGMXDJXXOACUFGVPKPLXJAQNFIOQKFVUQUDLRVUKGVUYQAQZCRTPQCEXWONBRLTQEUWYZTHGEOFYGXHYGINPVIPKUUEAPELB
[C-20756] Processed Order -> Partition: 2 | Offset: 414 | Value: RBXLVFWZHMCWGCSKUPQLGGIDOJGGXOOGWGXQAHSRSKLQYCEVIJAWTCTDUTSENOZOSYCVKXESXXVLACUGHTHICMIQJCYYQJAKJWZI
[C-20756] Processed Order -> Partition: 2 | Offset: 415 | Value: XZTZQLVYKXYFZLYJZHSYLDVXHZREAFTTGBHOKLDXJRPFSRNOUNTBGVISQNFDSMJRUOPHZBXTNPATDCZYPIMKNYASPRFMRTGNIBXU
[C-20756] Processed Order -> Partition: 2 | Offset: 416 | Value: YNKHVZNSIRWLABKKIUOWDMNDYUIRCYYKDLAAKMYLLPWKKCFVNOMOMZOZDJEUDKXIUHYKHHQWJNAMOZTVBSLRJORPJMAXTNHUCWKC
[C-20756] Processed Order -> Partition: 2 | Offset: 417 | Value: JOGNJFQVGCNHEOBHCWGLQHRISJHDINVCUUNRYMOXIQUTAFQEAFDTHBCXWWRFHMHPILIDVSTDXMARWEVFXWZQUDDLFRIYDIQMEKTP
[C-20756] Processed Order -> Partition: 2 | Offset: 418 | Value: BLRUIODNNVZEEIZILRABSXYMEWWWUKRYMPUQDTVADTINUJGSLSBZYVVQRPMNJVWPLUOQMTBHDXNZCTWCTMBDDZAMITYGMIJERHGL
[C-20756] Processed Order -> Partition: 2 | Offset: 419 | Value: ETFGNAYTVNOIBKCEDJUYRTHVTIGTNJHODVLHPBIVTMQNHATTJIPPYQGSYBEZOCFNRKZTXRKQIJTOXQKPAJDQIVZTDYKDADYHRBEK
[C-20756] Processed Order -> Partition: 2 | Offset: 420 | Value: CLHLBUCSWRUVJBPRVBSDVJLTTYADIZKDDWXLLGOJFJRZWMNCHLEMEHZMEVQQXVJBHZAKOFCLXPUDKRNUAHQXLVAOZOZCKFKHCIBN
[C-20756] Processed Order -> Partition: 2 | Offset: 421 | Value: DNJVAWUSDTJAEKSPOJWFAAWVJQXFLPYQQIIAYYLYSRKYTPFYHRZYXPARZTUTWFVOPPJDAGSRGUIHFXEEDVJNNMNKRFDQRKDDPBOS
[C-20756] Processed Order -> Partition: 2 | Offset: 422 | Value: IZOUWHWMJKJQQGFNDWFNPLHNHBJXXJGRAXFDUHGAEZFXODEXRCMWAACZRGQRWNSEPQHARHFZVSTGLOQUZZEIYDCWVACLUPRFOBFE
[C-20756] Processed Order -> Partition: 2 | Offset: 423 | Value: JDLMIWORLVTVZQGJMXOUJCPGMRKNJXKIUKLIYVBVULYJUEHZIKXORHBCNJOETFHQMTOIRDAPARYOVCSCRNOOLMSHRCDESAYYFQDQ
[C-20756] Processed Order -> Partition: 2 | Offset: 424 | Value: NJEEPKSTKFBNKJIKFOGKVEMRGNKURHBABNVFHDYNDNRAGDYFXFHZGOZBAXFBIFIDYHWUWSBFJGYEZQANCHJYVMKQUYXFJNGEPHYW
[C-20756] Processed Order -> Partition: 2 | Offset: 425 | Value: CYCHYSWKBGGLCQEJLWJOYLXUXPRJAHQTJHLRHOJBSXQUYKPRPGJMOLADDEKSZWSTDGGNVEZYNMVSLPXTPPRSIVHZOIWEREYDMZMH
[C-20756] Processed Order -> Partition: 2 | Offset: 426 | Value: MPCCRPYPHFTAYJJOCSHSPHOVOXWSZQSILQEHBLCKGVWGFOEPBLOWGLEQTGDBKITMXNHLWMRDUYPNXXTSARGWZNFRKJPNGCVQHWAE
[C-20756] Processed Order -> Partition: 2 | Offset: 427 | Value: OJHOTYNJLLHDTTPZODQPCPIVJOBVSXYDTUZKXCMBLBNLIJBZAREYEPEKRVARIRZYNTRGSDPHYTLSGRJLYGAQZRVOHGGWJWSGADZJ
[C-20756] Processed Order -> Partition: 2 | Offset: 428 | Value: IEPYPNKNSAPXGMJTEZJWQNPUMPEOCZCQYNKRJTPOKCOFDQYAEDVTILCDEXWOAZVZEAJRAYFQPRRFDDIQORCNREJZHCYWJKACYNVG
[C-20756] Processed Order -> Partition: 2 | Offset: 429 | Value: ZEONNDBOYUGMUDFYAZFKHLTEEFQRKHHCLLBAQNAESMCHWOXMIUWJERNVQGYQMUWEDMMHFLTBAPRFBCNRECLOAAJKNQLCIUWWXQAR
[C-20756] Processed Order -> Partition: 2 | Offset: 430 | Value: VBYFLAGONBZVSUGMDAQAWPPGWTIGTNXNNGVLNPSCSAAHIOZBYOUYISUMCBTJIMTUTZQASPRVCUFOMMAVVMNQSFOQEYDUNLCXRGOQ
[C-20756] Processed Order -> Partition: 2 | Offset: 431 | Value: HVTGYKXCUKNRTZZIIBNYFQYRSDACRZCAMIIJFZLHDXTZTTDBPLXMBTEEICEBERFFNXUICOORKOZQCCIXIJUPKIJRFURKCNZGHJEO
[C-20756] Processed Order -> Partition: 2 | Offset: 432 | Value: GGPEMCSVMNXVTNBHEEWASGODXHRHOVIKFWTIWUQSPLNHPTHEMEWBCBVVTWUXOJNGPQUAGYCCHTGXKMEKTRCMNGZUZBICLRCVQZGO
[C-20756] Processed Order -> Partition: 2 | Offset: 433 | Value: ZCVMVAQPVTECBAKMXSFSTJWCNOCVFWJGWAGMCNQOGKAERURMAFLRUOYJOUHNLYIKDJFUEIQPVVCYAWRULMEDPAUSCGOXBDHRZVLC
[C-20756] Processed Order -> Partition: 2 | Offset: 434 | Value: TWNJWTOMOJYDRSYHMTXALAMSXDVYVBSNDOOSJXTELHWVVSEPHMMIBQIXMWZKQTVVKFHHTAVAUQAYLBXFJITJKCEJVZAXKZDDSCGY
[C-20756] Processed Order -> Partition: 2 | Offset: 435 | Value: NWPKOEIMDBFGMZHDQCLVPZESBISFEJHVWBCLNDHJQTBZQUJQKCSHWVSJFQMOGWSTKFODDMBLTARKVGXDOTXLPDJZDXUAKBXFFUMY
[C-20756] Processed Order -> Partition: 2 | Offset: 436 | Value: DVXLMFSRIWKNGCQZOHPJKRZCGDKBYJXMAVEIYBAFYEKMHPGCUUCFPDANIIWUZBOEPSQNCJKFXWDTUAWYCWJKWCSMDGIOCFRTVXHN
[C-20756] Processed Order -> Partition: 2 | Offset: 437 | Value: VIBSGCLEGCUJPPQLFMDICYYJSZIYBAGWKIXOHCJTXNBIOWDKLDSRMJAAAKMNZYOZBEPUHRVLWKEQPOTAXELNVHTHGZULECOYRJYW
[C-20756] Processed Order -> Partition: 2 | Offset: 438 | Value: OYSRYJCRPOMRPCBAQMQKIYNNPCUWHHTNIFOIOTDFRCGMHVNSSUANWDQQRFVGXGQANNJHAIMBWXJJODBKXPIPMEMWNTNPPCHWRQUC
[C-20756] Processed Order -> Partition: 2 | Offset: 439 | Value: SQRDLSUYRKHHEFETISDQWBBTOCRPZIBUISWLNBHQENHVZLSGIDBSCEIAGTIOFVNKWEVMHAWNWETJCPVERUCWJQGHKPLKFNMGICFF
[C-20756] Processed Order -> Partition: 2 | Offset: 440 | Value: JWNKXTBEGUMDXWIUHHMWKLZARQUUEVWFBWOWDBCIITYMYUCFOMBKMUNKMFUFIFGGATEWCCLTNAIRQTXLNGYFHPUOYTSRASGIRROQ
[C-20756] Processed Order -> Partition: 2 | Offset: 441 | Value: NYZJJAUSSHEHORRMSKHCCFCNJKSXOENFIPYXNLABCJFAEAVMGSQLKDFBQDZXMWYEHFHFZMQOYHXGHVOTGKCVLQZGJPXAUWMXXKFY
[C-20756] Processed Order -> Partition: 2 | Offset: 442 | Value: RDPKBKLUFFCIYXMGXGMYZJQWPMULPGBUUUFWWJJQKRAJHJDOZZJJTDYQVLQQWEUOJYBLZPCEWGVOPNOVSKXFJQUYBNGQKMITIDNR
[C-20756] Processed Order -> Partition: 2 | Offset: 443 | Value: RXYPEIYJNEBYBYQPJDOERBPYNPWKRQVPHXBGOIKBEDSLNOTMPEYJNPBPRUYWCSTUBHSYVJFTVEUVCXSJQLJIYYNSLTNWKJGXHNAJ
[C-20756] Processed Order -> Partition: 2 | Offset: 444 | Value: YFNLCNEOMLAXDNJIOHAQXXRXGFRXHDKLVGTZBEPGPWIIPIMUPDNGWKDDJHGPHZYLAFVYSEJYKSGYYEPRMBJNXJJLPGKZPIZTZWPX
[C-20756] Processed Order -> Partition: 2 | Offset: 445 | Value: QQAZOMJQDXRUHPHPRNFARWXKVIUZLVBFEINWLSYRXXZKHPAZVGWXQMDONDIXTUBVHIQFTKDJOKYYVRXMQINRUPHAYDVORYMJPSIH
[C-20756] Processed Order -> Partition: 2 | Offset: 446 | Value: TFHRFTSMBCDVPTDXPFXKGSBPEKMDJBMWLZMJXFMCAWOTKHXGWXZPYMPXKAYTEAQORJGRVHELBPACARCHZWVYWPFJGPBSCNLXZBJE
[C-20756] Processed Order -> Partition: 2 | Offset: 447 | Value: UZMIVPRQJYAPWKEGJEIKYBLRQQAUVVUGCBAXOBCOHGOMUUFIXRPRGSYKTUCVFZDYWCCBKFKANCARGIQYNWSLLBENAJWBKRMDKTOY
[C-20756] Processed Order -> Partition: 2 | Offset: 448 | Value: NWYFYZFXHTQVDVLRBRAWMQPVBRKTMJVAKBCTGCMGNHIFCCAAAXHEKAVNOLOVVIDXOQYTCWNIOIYIFRKNLAVYKZBEUCCEVFTIUIFR
[C-20756] Processed Order -> Partition: 2 | Offset: 449 | Value: LYVOFDFSFVPGXPKCRGEAODEZGYJLAYEIQDQVDBNZZFUKQBNICSYDFBLAFRTXYKGUTBQKYUBCXDYIAUYCHXOWDBDQWGLMLKSQQFYP
[C-20756] Processed Order -> Partition: 2 | Offset: 450 | Value: RTUSLBEPMKWQAMMPWADAQXLUVSBKDAVWTUROGGXGQQLQCTXSHEAWYLZZEFTQYLZUSGFLMCWHPSZQUOPDDLTIFHWMLQNEMFCZYKLE
[C-20756] Processed Order -> Partition: 2 | Offset: 451 | Value: EDELQHOTTCPWZYZPVRDBRZONOYJEMZZVWATTONQGDVQRZAMKSUQGNWVQFQUNTWTZWNCJLLXZVNPKSODYNXNLCVZQQIFIHVCXQFAC
[C-20756] Processed Order -> Partition: 2 | Offset: 452 | Value: GMQIPSFOOTRTGBIOQNIDBIAJVJDWKVUJOWFNDQYWFWTBPDWNMQFEFFEYPHOLRPIXKKSGIMAOUPVKCXCPLMDRZWUHPJDKOMHDGQXU
[C-20756] Processed Order -> Partition: 2 | Offset: 453 | Value: ZGUCLFWSEDTIVOMOFXFUAULDCMFSWRMAULOTKBMUGEHXSNXHJTZLKWXPJKLXTKPKGQUSMJJMOKIHZMSOMUJCQTEKARKJWOEYUMXS
[C-20756] Processed Order -> Partition: 2 | Offset: 454 | Value: OATKGWWCFRRQYHULHFNNYRTZSAYWGKPTTIEIXQKIBOQIXSPLSDAOXPRAJANDICUKOTFJJJLETGPUOTLSASSPDVVBYBPXBLPSOYQQ
[C-20756] Processed Order -> Partition: 2 | Offset: 455 | Value: NWIVRBDJIMICKZZBKETJKPWBZHIXZGYZMLCQGRTVCCEQYFSLKJMWUJHPOANDBJBOMPIFIUZXBZHYKLYYVPHZBWGWRKPXJICSEZUO
[C-20756] Processed Order -> Partition: 2 | Offset: 456 | Value: XDIFXYIAAQACCJDDHKDHWEGOMMNOAMTEUVLEPPUSMNRIDLCEOQYSOIBSRMTTBBEPKTIOWBWQEUQLJEIPBRVXODWVPAEPFWJRPNDT
[C-20756] Processed Order -> Partition: 2 | Offset: 457 | Value: CNDOMBHVEABZIOZOLHJNERNTQAPJIZULMMZSZUBXIGGEKZZPPKUJHXGQVWYMDVTPOVXKSJVLPKAZETYHRPKEFPOCSXICLTTQSGPR
[C-20756] Processed Order -> Partition: 2 | Offset: 458 | Value: UCQUVNEXVAZDEBUOYKQWZBHQSKVHUCGIIQYJNNJUTSYTEUHPRMTHSMJLRQPDNMVZMZOPERUIDHYKLGACWNCPXHKKBVAYGCHNUMGL
[C-20756] Processed Order -> Partition: 2 | Offset: 459 | Value: NIXQGLKSMMCFRYYQQMHDSXCNTOHPATANQLOIKFCRQILRPVHGFPXEXKLXNTROHBWOYOREVXRPGXPRJFJSRGVVYHFTPUHMBTMJRHFU
[C-20756] Processed Order -> Partition: 2 | Offset: 460 | Value: AQSOHXWXZJBHADAYDGHJMXOOFZNKDPXRSRQMIBWFIBUDGLXOPENUWRXDEWLJYFWKQCTEWQOGXUSOVZMHDNVZQDEAWLPHOMUHMADW
[C-20756] Processed Order -> Partition: 2 | Offset: 461 | Value: LYZDPMPOTFLTKYCHVJVEDTBDNGQPALERDMKHZBLAWXAZCSHJWLPFHPDRMURKKIBPAOZGDQIYBKBJIBKIQNEHVUIALMNGFEDWSIXG
[C-20756] Processed Order -> Partition: 2 | Offset: 462 | Value: NJMLZYPCLEWWSVGUEAXKSAIOUUHRFDMZCBXLVXWRKGUMNUWRRQNKBDTEWDHWPVJXNQYDCKWQYVUKWSVQCMDBDRHGLSFVVOCNCDKQ
[C-20756] Processed Order -> Partition: 2 | Offset: 463 | Value: KUOMMWOLVOLOKXQQSAZDRPJDPONZTPTPRMIXCPRUKAIJQLVDABBQXEIZJIXCOMMHYNRAZDRYUMAQZNQGVYUGOWCZIUOIOSATICMO
[C-20756] Processed Order -> Partition: 2 | Offset: 464 | Value: RWDQPKEJAJQELLPCUUWZNXGCFEXDVCFZMASHHVFSZSUDKLAMWFPXWGSEDYEZPTTJZPJSQESUSGOAMZEUIQTAFJBVAVBSDNWYQCJN
[C-20756] Processed Order -> Partition: 2 | Offset: 465 | Value: PEIPQVIZXWJVXFDTWQRXXDCKJZPNPHKEMVJYXIPGMNUDHPGBEMCETEASXQFWJSAOYYYRXARULNIVHMIKVLFSWGJQYBSADTGTLTBK
[C-20756] Processed Order -> Partition: 2 | Offset: 466 | Value: JLYGZVAGDKMUEUAGXGFMAVHMCLNZBENXROEPBTVEBMYNZJWHGWIZNBZNTQMYFOYYXQZGZIXPDAPGKNOQRZSEZPHVGAAFJZMSESNB
[C-20756] Processed Order -> Partition: 2 | Offset: 467 | Value: KEVVBGNSTAQTKVOIMYTGZACRXCUVCQOLKUMJYHUTCVHGXUOUEKRQENWPCOGFVYCCNBMOFLNATRVBAGYWUQYDPZKRJBCYVEALOCBV
[C-20756] Processed Order -> Partition: 2 | Offset: 468 | Value: XOKDJFRXZSALIQEFWSAIINVQCHCZOUUKPRYICNLVECAKYRPQXOBBUORLEDFMXRWQPBFGNFIMCOJWRYDOMHXBITYLJQCMLPQLZAQX
[C-20756] Processed Order -> Partition: 2 | Offset: 469 | Value: ACPLKEHKVRVPQUNVTBABRXKPTSJQVDGSBBPUYQXZPJEDLBDAAIEDFHLJKSCBLMNBTOCFDIBBVCSISRJEKFGXKYHRNWRBFHEJNNAB
[C-20756] Processed Order -> Partition: 2 | Offset: 470 | Value: JLBCSJFRCAFVQABVLJJTLPXVACKJBLQPSBUPUBIZFDCQRUZKIQEQLZFNZBRZMPKHCRAALPVXGYHWMATXKTESVIOLZZKXGXJJIUUF
[C-20756] Processed Order -> Partition: 2 | Offset: 471 | Value: QYKRGHYQBTUJVQCLMQMHGCYTBPNSDMRZQMBNJTYEYVECEKPXVXUOOUZNWRHSEGKVVIBYVIUDIVJCOADUSVLGIZDYUPBYZTOKVFFR
[C-20756] Processed Order -> Partition: 2 | Offset: 472 | Value: UDAXWIXKGBMRZVCVAKLJLYVKGXAIDUNEWADPFZSKQESTEICOQZTEAMCRITNPFTUXRJBAIFOZLJSDXJGMDSKEEXLMBURGMYSZRCLJ
[C-20756] Processed Order -> Partition: 2 | Offset: 473 | Value: UQHSGCCRXFRNMORCDVQRBJYMAOYAERTLNNBBYIKNDXINEOEOPLKSZMWCHNIROHGJZDKRMPAZISVHPSNSCXKGTRKGUHORYSLAHCXR
[C-20756] Processed Order -> Partition: 2 | Offset: 474 | Value: FKERBHJYSFYILIVHRKIYSPCPZLCKWADDCIVRNXBCGJYOVNFZKIIYGHKYMZFYANCOFLZNYODDJKHJVOHBXMUWGQGFNCZJBNKBZNCP
[C-20756] Processed Order -> Partition: 2 | Offset: 475 | Value: BZTRKKTKOKJUMAOVMXQVBADRORWJYSAHUMABGVZOPTHMMNZTVRUYWHEGUNTOKYWMDBPXKXISDWKRFOTTWLCNFZWWVASBQHTPGMXR
[C-20756] Processed Order -> Partition: 2 | Offset: 476 | Value: SDXZLRIDGDGLYBPZNQGQJUXXCPQKQJBDNSBFBUSQBGFVXBQMMLBCOMGLCIWCQIKGISMRYUCTHGTZVQPKBHQUZGBIJPIYREJBGLRY
[C-20756] Processed Order -> Partition: 2 | Offset: 477 | Value: DOPGDVQLCYGROWZKYWMCFMDFIHBBYSCHGNTNHYZUMUAWWMXYGIZIQENBLCWXEZWFWKLWXXSNYQTNCNUYLEHGMFBXUJXJRHMGAQPG
[C-20756] Processed Order -> Partition: 2 | Offset: 478 | Value: ZXGRJDRBIPWHIYOLOETBQZSDQNBXHTZBGXHEAJZKBEXBTENQVMQAMBXYCHXXYFGSUFOTKKKKEUWANRLRSNKZQTQRMNOYLHISSWBU
[C-20756] Processed Order -> Partition: 2 | Offset: 479 | Value: WPQWHZLJOBYOJQHCTWNFZYAFZQZJCWYTIDGVBELWJUFHRKLWJTAIFANODMZSXSVSKZRRSUHVAXNQIDHBMYLPCLTUXCHHWZSTUABP
[C-20756] Processed Order -> Partition: 2 | Offset: 480 | Value: DBBWARORFVGWRKLGICMZZUYKSECNQCTXOXYOLICFDDBUKXMGKACINCOBRYHPAVXUSWFKEMNVANFHRVANXDKZKYRXFSEADETQSVMP
[C-20756] Processed Order -> Partition: 2 | Offset: 481 | Value: PCJUTXQHEALHAFWYRTFSXTHFWGBBEEUAXOOHBMDCJVCIIXTNGIZXPMGTNNRQJQEZXLBUYDKDZAYZOZOKZTWPDOAQWTXVSOMWSFKV
[C-20756] Processed Order -> Partition: 2 | Offset: 482 | Value: NFEBSCQHSWDEHSKCZZSAZMKTYXPBEBPVGASMXOSFCNTVCTUJQNPSSIHSSYCFMPPSLGCXEMOJTMRBQJEJZEEIEHPGATVOLWPYKMLE
[C-20756] Processed Order -> Partition: 2 | Offset: 483 | Value: PYWMIDRYGVYYVWFDKPSRXUVDTZWJTJIGEFILIXMTMXBUXLKEOCDPDBZENRVXJYLMBNLHQQWIQROMQJENEJYKCUKCJYHZDLKGJXLR
[C-20756] Processed Order -> Partition: 2 | Offset: 484 | Value: AQDCQHKRGTRLKXAQVLNFWGAJHNCQOUZPNJWMMDBSRVMGOAEDKQDECZMJEURCMRNXCXSCNJMZOAMFQZFOXPUNREOBUNGNGMIMVEEO
[C-20756] Processed Order -> Partition: 2 | Offset: 485 | Value: DVJJRFKWMQFKJYVEQGCRGWGUUOICEQKQLAOZGXVQNUEORTVUCGLFTNTOLYNXEREXQTIWHPDENJYAWAHVESCAHWCODKDKNJADACWC
[C-20756] Processed Order -> Partition: 2 | Offset: 486 | Value: HJTGCKUHPISOTXTSSHYGUBHBNAKZGIIBHONRMDNFEKHAJCOHYRWKIYQTIESPEPEGBMQRFGCDPDJNLRYCIWSMGBKSROTGOVLULBTT
[C-20756] Processed Order -> Partition: 2 | Offset: 487 | Value: VQCPLOETLDCSCFTUZYXPFZRWTNATOCDYCWLCRSIJIDKECGINMVEIUPJWARKLJOIPRFAOIGGESGDISKCUZHGFQKKRJJDMUJLXZSPB
[C-20756] Processed Order -> Partition: 2 | Offset: 488 | Value: VBRIOFSDHAOBTYMDIBWMSPNQIYIRVSVOQKZWTJNTJMTRGLIGMPSHSSZETTYTRIHDVEDPNBQIJVKWHRHFKAVMQDHNNIUUZJQKSWUB
[C-20756] Processed Order -> Partition: 2 | Offset: 489 | Value: ZHRBMNXETTJUFFFYUNDUODIWMLRHRUOOHVNVVEQYGTWHUNZBXJRGMTWNCUMXEWIYTZOHSEPVDPMXSHKQHUMRFRGEWHTAZHQIVMPQ
[C-20756] Processed Order -> Partition: 2 | Offset: 490 | Value: BPAOCJOWBGACKHOOHBRHUXVSURRCRGGHYVYNBEIOJBLNPDHSBQZAWSTNSIFJUNOLRHWAYEUADRSMBZVYDHNNNVXURBJYUIHRHYUH
[C-20756] Processed Order -> Partition: 2 | Offset: 491 | Value: TSQOVOSIVDZWMAHLIQAHIHPINJEPIRHQFXMUTQVGDIFIWOLCGLYMFLCTYNWOFBGHJUVYMVLDWKNXOLLLHMOTYIQVXQURALYWPGBR
[C-20756] Processed Order -> Partition: 2 | Offset: 492 | Value: OUZREXMKYBCTORLKOFKPXRVFMOXXLYNJSCYODLEHGUGXAKZFCOIKFQPVJSCEBBTRMEQJKVZWJENNKGZPEBLLSVKOYXMPMKIYFNOS
[C-20756] Processed Order -> Partition: 2 | Offset: 493 | Value: XNQGFIERPRUAVKSTGHJLMFDLJVMNWZSSYMBWJIILLRAPNGAIYAXQMYOHFTMPHYOAJPDDJQLCKWSSEEYNGDOFMSEZBOAAGVZQGFDC
[C-20756] Processed Order -> Partition: 2 | Offset: 494 | Value: TLFNIXRJCCNRVECWAUBUJIPPXVVYIKLEWUHJGJVNMIIYUVAFVNSUBAXRVRAPQNENWVEQWTMCONYBTENERQNUXDVWMRYGYKIADAAR
[C-20756] Processed Order -> Partition: 2 | Offset: 495 | Value: NOTONKHECVMPJNCVWRGEDOIUSSZKRGZOGENTPICTNRBXKAJKPHLRBAQYZMIBRTLBUGJFKVCOEDQUQUWHYZAGLQXIOIXSMIXCYXLU
[C-20756] Processed Order -> Partition: 2 | Offset: 496 | Value: EOMQCAYSVUDNFPDEJIFGGYROJMOHXSBDZWFTGRVAIQNJLSJPWPNWKVIPZLJRWLRXOSRCQZGRZEQQKGOJKTMALIWYWDFAJHUSXUWG
[C-20756] Processed Order -> Partition: 2 | Offset: 497 | Value: HMKKZNXWDPEEKGFFUPBTAYQHXDDCEHVBMHGGWKSOOAGXRCYBZNBJLIDOMOYCZZPSQCDHGVZREWZMWBXGOASSUUFJSRKXFSKCQHVF
[C-20756] Processed Order -> Partition: 2 | Offset: 498 | Value: IHMXOPLLZEHEFXMEUSFWVOLMFHZRCUFHNBLYAAAZXKKZXYAOGFLNADKPICEHIQNGEJPQGAJEUUEHQTIEVZLVYEGIZWEYWJZJXHLS
[C-20756] Processed Order -> Partition: 2 | Offset: 499 | Value: LDPUEJXMYWDDWDLFXYXVOHXABFZFGTIGJQFLABIGRHCCOVLRNFSGEHJCQKKZHPIZZWHZRMIBNCDXUFJIOASCIVSFFICQUPENWTTK
[C-20756] Processed Order -> Partition: 2 | Offset: 500 | Value: YVWJNTQQVZDGDYPDVJHXFULILFYXIXJVRJMQARMASLTYLQMUKDHXNODHBWPJXITPDPKBLUKEHLHLKRDSYOXZOYBKNRDMCYIOGVJD
[C-20756] Processed Order -> Partition: 2 | Offset: 501 | Value: LUMGLIUAJXNMJTBSNIAKTTENMGHZYGNWDSABCZNSFXIWQEKREOZQQXXKWJTVKRGLWAVAXLGFUQBOMYMNDFUJOZUIRKZSZNKMTEME
[C-20756] Processed Order -> Partition: 2 | Offset: 502 | Value: HPMNVZURRWXAWEEPJTVBPHOJVPTSXCNNNRUZGRAXDUJKWJQWPQQMVVYJCSADPOKHUCFIIUITJLNQNCSEIPPGJCGXRUEAUEGTPBAF
[C-20756] Processed Order -> Partition: 2 | Offset: 503 | Value: NNSJXRRKFSEUBYDBTIZVTAHXADONAGHMBSXTUFAIAKHIPRMJSCYDUXMWJSTGEHTNITKTSQRYIAXHSNRRWTYHIDXFYDGLOQARNOQC
[C-20756] Processed Order -> Partition: 2 | Offset: 504 | Value: MERSGGWHPAWZRCSPNRAEJDLLYFVRMDRMNIMHNJOGSDVFUEIIJRBPXWWCGNSSGOROACBCHFTVATCDKLKGKQGDSMVYSYOGPIQYMHXO
[C-20756] Processed Order -> Partition: 2 | Offset: 505 | Value: VLSTMKIWXSIILQTYJSMCMCTWOIACLUNSRSZURQMVTGHQRSJKBVNNMKDZZJBZZMUMEBJVMCXVHJQRKBTCMYZFZBDMPBLEVQFDIPSG
[C-20756] Processed Order -> Partition: 2 | Offset: 506 | Value: RKHVATYLGZWTBHGITQKSCTWASMUZVRXEWMRLLMUYZKXDQGKAFACKYKLKFCKPFSMHHWCPTKMFDCWIQPRUXQFAAMTDTOHUAFLOQMEZ
[C-20756] Processed Order -> Partition: 2 | Offset: 507 | Value: EHRJDWAYAYGTEHTDBMPTOIMGKMOEHAAAPTYMTXMQVEIXRTTSLCGTMBPSGCDXHVMYNVUEMJVLJVCUZFGFJQYFKJJDCUNSBXSUKXFQ
[C-20756] Processed Order -> Partition: 2 | Offset: 508 | Value: NRUQNDDVYOIVYYEQDBETPYZPGFBQJEQRTVWHTDHXHRZGPWCBUBAYMAHTMOSNGTANVJINXGHJTQERTZNKKAHVOKNJCKDKJTMVANVA
[C-20756] Processed Order -> Partition: 2 | Offset: 509 | Value: MKWIJKMUCICIYJAWSMZKSHKOGWCPJSHFMUSPUOWPBIKXEDTLLRVKIUUZDWZMXAMJGGLMDUFWBRBNZVEJURQBCJFVCBCIYTUKVLNE
[C-20756] Processed Order -> Partition: 2 | Offset: 510 | Value: WWHDSSQTCJSLRJRJTYJNRLDHQVOFMNPJRMHHGDWCOCZGSJXJCFSXLMCKPXZDYCRCEOJPVWCRRSPARYHAVJXNOJMURVXSONTYTVLM
[C-20756] Processed Order -> Partition: 2 | Offset: 511 | Value: QHLFZDHCNBAQUDTENIFIRWAWLDRDRISGMRCVEDHLETCRFJAIPHHGOZYIWUQZVSHUZTKWMJGZSRAUGKFIFBNOLSROTTLLFDUOCLDF
[C-20756] Processed Order -> Partition: 2 | Offset: 512 | Value: QQJVFPPAESFZPJPEZQKZVUENRCYPYQKGZSQJMODFQLFNTHVMNZIGROTVEJOGYKZGEJZUOWMHCDQVFPIPUABWOLQIIEYRWCBHLRSK
[C-20756] Processed Order -> Partition: 2 | Offset: 513 | Value: AMKFJRJNLLJYVEETIPWODUUPVGGGNKDHADTQIBWOMWTPFSWPHOMVFBIQTBNFDJPQZKAIRSLZOAYGOZRLHCPJUJJVMUTTJBGNBTDK
[C-20756] Processed Order -> Partition: 2 | Offset: 514 | Value: NQXEMXQZLQTSHCCOSYOUUQFBZIXGHGXFJBQKASYXESINNKTHEYQGICFRIPOLYWSBZWENECHNLHVYGUVPOCJCPCWCZOULEKDASQTH
[C-20756] Processed Order -> Partition: 2 | Offset: 515 | Value: MUYOLSVSPFJNGEILLXQBVADPIBPOCAPODLOOKCQHTHLEJQADLYNNXBHEFUDHRGRENPCOHBBIPJRJMTFMRLUZSOPJEPOKNEPHPRFO
[C-20756] Processed Order -> Partition: 2 | Offset: 516 | Value: HYNQLYXHGTECONXBVQMGPNBSTGUWXIEVNOOYXTVUTAANSQAMUCDMRRJTPVFKZJLNRHREGARBQBKQSVGSDXZAYMOMCHFSAMWFPMML
[C-20756] Processed Order -> Partition: 2 | Offset: 517 | Value: OKLNFNLAMOBYJUCMYDQTLPJJRKZDMKTSJHVCKTCXQZYIHXAGPHPMJFEBICZHTRBIDIZSHXWAUVXNVPFJUWRRSTCELFTJVTJKSGCY
[C-20756] Processed Order -> Partition: 2 | Offset: 518 | Value: QMRDFHFKERDVRZRTAEPSJYGNBOCVWIAMVIKYNTVPPZDGTLTVAJXSYPPVEBAYGDWNXQXXHSRFAEUSVZWBCBZNNXQUKQVOLLJYVXBD
[C-20756] Processed Order -> Partition: 2 | Offset: 519 | Value: CYPXSYZGZRJGUZJNRHFRHYOCIEAGIWLHKMBLJCRPEORIBGWKKZKRMGCFMJDAOFTEDCLRAOGMVRNZWHWMVYJIXDCLZLMVTENWYFRN
[C-20756] Processed Order -> Partition: 2 | Offset: 520 | Value: WQYGKVHRJSSWGORHSOKTKTJKECWJLWQAMVVKSYZAYFCGCABUGVYMIKXVCLIRXOVZZDEMFZWUFGOXDCWVDWTGSTFOEXMFEJZKEZJS
[C-20756] Processed Order -> Partition: 2 | Offset: 521 | Value: HHJVSCPQQCRKWDCYHJNCUMUGQQYGFVQWVDIIWHGUZSPZSVFSOYMBEUFYPWPNWCBRBJMRAATAXXWWQKTLELWJQKCJCXNZGJHYOOHS
[C-20756] Processed Order -> Partition: 2 | Offset: 522 | Value: OYKNGRDAURHRKLVEXESWWOFNFDBMVQOXAMMMCZIICIKNUSYGZSWHNPHCHQMBTPYSUPKHJJKWYWVFPMHYAJXXGXPKDJHSTDNJTIXW
[C-20756] Processed Order -> Partition: 2 | Offset: 523 | Value: ILNNJUSJPXNBZFLBHYZVYDNASEUMCUPPHGLIPRWXOOMEITXUJOJRTTEAZCTUHLCCBHLNEDHSVPPMNAKZDVUHUTELNASOTBGUSCQC
[C-20756] Processed Order -> Partition: 2 | Offset: 524 | Value: YABBVZXTIPPJEEYPDRYLQIAODMMCZOPJBHJTMIDKARVVQVMIDMLQQTTQJHBLXWNKOIJJEXIDPYXZLLIQEBKGVUMDMXUQRRPXESZJ
[C-20756] Processed Order -> Partition: 2 | Offset: 525 | Value: FGQIMJEJMSKFEJHUSCTCPDGBJDCJZHIZXOLCMAXMUWDVXSOKROENHLYVMWRGZBRZHFIACHRFWVAENXPGOPOLTLUKYCPZCBOLCMFP
[C-20756] Processed Order -> Partition: 2 | Offset: 526 | Value: TAZWZHWAILJJBQXGTANDHZKRTVXOPVVOUBMDMXMKCSJHPPLXNNEMVMICKEUVIRFEWZCEIXOSHCXLSQWMYSJBJITMMQVUVCHTHELP
[C-20756] Processed Order -> Partition: 2 | Offset: 527 | Value: QCMEZIEREOBFBQBYXMZUPKNGEYACJEOWPAUCYGNRQNXWPQMEIYPIDHGTKMPSDUNDAEGJNRWOBRWTMMSXQFGCKDBXLEBQASFVRTLB
[C-20756] Processed Order -> Partition: 2 | Offset: 528 | Value: PNRCZBVTHUGUUNKQUMWKDBPVZMEYSDOCILMWYZSKTZDJNMPGARMPDJBXOBHIEVNIIJMNZDOAICHSYNNNGDMTVCZNEWMGSIRBIZLU
[C-20756] Processed Order -> Partition: 2 | Offset: 529 | Value: PGHQQYUJQDEBKHCYHEZIDDGPAHFYEJCKKTWHPAESAVMRBHLIOXABXYEGBGBXVXAPRMXBDAYMYEDMMLSNAZZHKOTBDQBPEHCDIQAO
[C-20756] Processed Order -> Partition: 2 | Offset: 530 | Value: VUSQISTVWTRODXUASTKIACLPJDEANQTBSHIKHOJHGUNLUJCPEGVYTMXQXKAJWLCEXHMJYZIXWGNYJKFBQUHSONCYHCDUMDRFEWBK
[C-20756] Processed Order -> Partition: 2 | Offset: 531 | Value: LDXFMKMGIKCSRPMFEVHJIEYEHYUUEDJSFQJZXCXFMUTLBHZYXDKVGMBBWWBPAJXCOHPQXUPEWXVKDFARUUEJDDQMVCGGEDPHGHDE
[C-20756] Processed Order -> Partition: 2 | Offset: 532 | Value: VEGDLRATKAZOLDZQGMJWVHZUWEAKJSOYXSSCJXYDPCBCGEIRDUDBQCDQOKDBPTLAHCLEFIRZXKSSJPGKDVFHITIJUEICFDDZOKQJ
[C-20756] Processed Order -> Partition: 2 | Offset: 533 | Value: BBVDQTVISOBFIVMBZDDGYVTZLXWROVQDHVNDMAHUHYYAUWSWWBTXHJDLGGOHPUEMSRZBPHEOQNWCXGLQVQPDCNRSPVDAUVTYHCNP
[C-20756] Processed Order -> Partition: 2 | Offset: 534 | Value: JSTPXJEDILSMDVQYDQFAEYENYEQARUXJBQKFSHSSFBWCFEAVZTOJFWFSENTPAGNMCQRCWOCFGXVUMNQCSDHLKPCXTOHYOIYDUXOW
[C-20756] Processed Order -> Partition: 2 | Offset: 535 | Value: FXOQBAFGYFRQTLGSXFKMPVQQTDRMDZDMZWQWGQCIRMXJASPVGNBUJHZOOTRYACFDUUUVFDNMHYHNPRCAJLWVBFFYIXLZVCXCQFLA
[C-20756] Processed Order -> Partition: 2 | Offset: 536 | Value: UHPIOVCAYRMEFQIHHSWJBCPIPWNQERLDAAYDFMHHCVYWIUZFFBZELGVPAKFUWAHQEDEXADJAUZAPRAFRSPJNQFXKULCCJWLXXPGT
[C-20756] Processed Order -> Partition: 2 | Offset: 537 | Value: UXOYBCGGBLMOPBYXONDZXNLCNMDUJUIJBPRIECWZQVMZTSBZVGYDLUJLZEVHCTGSAVZMUPYCZRSFLTXKSVGBEODLFRVEYRSFCNHF
